<?xml version="1.0" encoding="UTF-8"?>
<Site BuildName="PICO-ninja"
	BuildStamp="20241117-0405-Experimental"
	Name="debian12"
	Generator="ctest-3.28.6"
	CompilerName="/home/jtag/.pico-sdk/toolchain/13_2_Rel1/bin/arm-none-eabi-gcc"
	CompilerVersion="13.2.1"
	OSName="Linux"
	Hostname="debian12"
	OSRelease="6.1.0-25-amd64"
	OSVersion="#1 SMP PREEMPT_DYNAMIC Debian 6.1.106-3 (2024-08-26)"
	OSPlatform="x86_64"
	Is64Bits="1"
	VendorString="GenuineIntel"
	VendorID="Intel Corporation"
	FamilyID="6"
	ModelID="154"
	ProcessorCacheSize="24576"
	NumberOfLogicalCPU="20"
	NumberOfPhysicalCPU="14"
	TotalVirtualMemory="975"
	TotalPhysicalMemory="15669"
	LogicalProcessorsPerPhysical="1"
	ProcessorClockFrequency="1561.66"
	>
	<Testing>
		<StartDateTime>Nov 16 21:19 MST</StartDateTime>
		<StartTestTime>1731817190</StartTestTime>
		<TestList/>
		<EndDateTime>Nov 16 21:19 MST</EndDateTime>
		<EndTestTime>1731817190</EndTestTime>
		<ElapsedMinutes>0</ElapsedMinutes>
	</Testing>
</Site>
